[206434.809] (--) Log file renamed from "/acct/brooksjb/.local/share/xorg/Xorg.pid-64490.log" to "/acct/brooksjb/.local/share/xorg/Xorg.0.log"
[206434.810] 
X.Org X Server 1.20.13
X Protocol Version 11, Revision 0
[206434.810] Build Operating System: linux Ubuntu
[206434.810] Current Operating System: Linux cocsce-l1d43-29 5.15.0-60-generic #66~20.04.1-Ubuntu SMP Wed Jan 25 09:41:30 UTC 2023 x86_64
[206434.810] Kernel command line: BOOT_IMAGE=/boot/vmlinuz-5.15.0-60-generic root=UUID=2507c5b2-7822-4eb7-b670-d356bf4fddb8 ro quiet splash vt.handoff=7
[206434.810] Build Date: 07 February 2023  12:48:13PM
[206434.810] xorg-server 2:1.20.13-1ubuntu1~20.04.6 (For technical support please see http://www.ubuntu.com/support) 
[206434.810] Current version of pixman: 0.38.4
[206434.810] 	Before reporting problems, check http://wiki.x.org
	to make sure that you have the latest version.
[206434.810] Markers: (--) probed, (**) from config file, (==) default setting,
	(++) from command line, (!!) notice, (II) informational,
	(WW) warning, (EE) error, (NI) not implemented, (??) unknown.
[206434.810] (==) Log file: "/acct/brooksjb/.local/share/xorg/Xorg.0.log", Time: Wed Feb 22 15:25:56 2023
[206434.810] (==) Using system config directory "/usr/share/X11/xorg.conf.d"
[206434.811] (==) No Layout section.  Using the first Screen section.
[206434.811] (==) No screen section available. Using defaults.
[206434.811] (**) |-->Screen "Default Screen Section" (0)
[206434.811] (**) |   |-->Monitor "<default monitor>"
[206434.811] (==) No monitor specified for screen "Default Screen Section".
	Using a default monitor configuration.
[206434.811] (==) Automatically adding devices
[206434.811] (==) Automatically enabling devices
[206434.811] (==) Automatically adding GPU devices
[206434.811] (==) Automatically binding GPU devices
[206434.811] (==) Max clients allowed: 256, resource mask: 0x1fffff
[206434.811] (WW) The directory "/usr/share/fonts/X11/cyrillic" does not exist.
[206434.811] 	Entry deleted from font path.
[206434.811] (==) FontPath set to:
	/usr/share/fonts/X11/misc,
	/usr/share/fonts/X11/100dpi/:unscaled,
	/usr/share/fonts/X11/75dpi/:unscaled,
	/usr/share/fonts/X11/Type1,
	/usr/share/fonts/X11/100dpi,
	/usr/share/fonts/X11/75dpi,
	built-ins
[206434.811] (==) ModulePath set to "/usr/lib/xorg/modules"
[206434.811] (II) The server relies on udev to provide the list of input devices.
	If no devices become available, reconfigure udev or disable AutoAddDevices.
[206434.811] (II) Loader magic: 0x5577cdaed020
[206434.811] (II) Module ABI versions:
[206434.811] 	X.Org ANSI C Emulation: 0.4
[206434.811] 	X.Org Video Driver: 24.1
[206434.811] 	X.Org XInput driver : 24.1
[206434.811] 	X.Org Server Extension : 10.0
[206434.814] (++) using VT number 2

[206434.816] (II) systemd-logind: took control of session /org/freedesktop/login1/session/_3359
[206434.818] (II) xfree86: Adding drm device (/dev/dri/card1)
[206434.820] (II) systemd-logind: got fd for /dev/dri/card1 226:1 fd 12 paused 0
[206434.821] (II) xfree86: Adding drm device (/dev/dri/card0)
[206434.822] (II) systemd-logind: got fd for /dev/dri/card0 226:0 fd 13 paused 0
[206434.825] (--) PCI: (0@0:2:0) 8086:3e98:1028:092e rev 2, Mem @ 0xa1000000/16777216, 0x80000000/268435456, I/O @ 0x00004000/64
[206434.826] (--) PCI:*(1@0:0:0) 1002:699f:1028:1712 rev 199, Mem @ 0x90000000/268435456, 0xa0000000/2097152, 0xa2200000/262144, I/O @ 0x00003000/256, BIOS @ 0x????????/131072
[206434.826] (II) LoadModule: "glx"
[206434.826] (II) Loading /usr/lib/xorg/modules/extensions/libglx.so
[206434.827] (II) Module glx: vendor="X.Org Foundation"
[206434.827] 	compiled for 1.20.13, module version = 1.0.0
[206434.827] 	ABI class: X.Org Server Extension, version 10.0
[206434.827] (II) Applying OutputClass "AMDgpu" to /dev/dri/card1
[206434.827] 	loading driver: amdgpu
[206434.827] (==) Matched amdgpu as autoconfigured driver 0
[206434.827] (==) Matched ati as autoconfigured driver 1
[206434.827] (==) Matched modesetting as autoconfigured driver 2
[206434.827] (==) Matched fbdev as autoconfigured driver 3
[206434.827] (==) Matched vesa as autoconfigured driver 4
[206434.827] (==) Assigned the driver to the xf86ConfigLayout
[206434.827] (II) LoadModule: "amdgpu"
[206434.827] (II) Loading /usr/lib/xorg/modules/drivers/amdgpu_drv.so
[206434.828] (II) Module amdgpu: vendor="X.Org Foundation"
[206434.828] 	compiled for 1.20.13, module version = 19.1.0
[206434.828] 	Module class: X.Org Video Driver
[206434.828] 	ABI class: X.Org Video Driver, version 24.1
[206434.828] (II) LoadModule: "ati"
[206434.828] (II) Loading /usr/lib/xorg/modules/drivers/ati_drv.so
[206434.828] (II) Module ati: vendor="X.Org Foundation"
[206434.828] 	compiled for 1.20.5, module version = 19.1.0
[206434.828] 	Module class: X.Org Video Driver
[206434.828] 	ABI class: X.Org Video Driver, version 24.0
[206434.831] (II) LoadModule: "modesetting"
[206434.831] (II) Loading /usr/lib/xorg/modules/drivers/modesetting_drv.so
[206434.831] (II) Module modesetting: vendor="X.Org Foundation"
[206434.831] 	compiled for 1.20.13, module version = 1.20.13
[206434.831] 	Module class: X.Org Video Driver
[206434.831] 	ABI class: X.Org Video Driver, version 24.1
[206434.831] (II) LoadModule: "fbdev"
[206434.831] (II) Loading /usr/lib/xorg/modules/drivers/fbdev_drv.so
[206434.831] (II) Module fbdev: vendor="X.Org Foundation"
[206434.831] 	compiled for 1.20.1, module version = 0.5.0
[206434.831] 	Module class: X.Org Video Driver
[206434.831] 	ABI class: X.Org Video Driver, version 24.0
[206434.831] (II) LoadModule: "vesa"
[206434.832] (II) Loading /usr/lib/xorg/modules/drivers/vesa_drv.so
[206434.832] (II) Module vesa: vendor="X.Org Foundation"
[206434.832] 	compiled for 1.20.4, module version = 2.4.0
[206434.832] 	Module class: X.Org Video Driver
[206434.832] 	ABI class: X.Org Video Driver, version 24.0
[206434.832] (II) AMDGPU: Driver for AMD Radeon:
	All GPUs supported by the amdgpu kernel driver
[206434.832] (II) modesetting: Driver for Modesetting Kernel Drivers: kms
[206434.832] (II) FBDEV: driver for framebuffer: fbdev
[206434.832] (II) VESA: driver for VESA chipsets: vesa
[206434.832] xf86EnableIOPorts: failed to set IOPL for I/O (Operation not permitted)
[206434.832] (WW) Falling back to old probe method for modesetting
[206434.832] (WW) Falling back to old probe method for fbdev
[206434.832] (II) Loading sub module "fbdevhw"
[206434.832] (II) LoadModule: "fbdevhw"
[206434.832] (II) Loading /usr/lib/xorg/modules/libfbdevhw.so
[206434.832] (II) Module fbdevhw: vendor="X.Org Foundation"
[206434.832] 	compiled for 1.20.13, module version = 0.0.2
[206434.832] 	ABI class: X.Org Video Driver, version 24.1
[206434.832] (EE) open /dev/fb0: Permission denied
[206434.832] (II) modeset(G0): using drv /dev/dri/card0
[206434.832] (WW) VGA arbiter: cannot open kernel arbiter, no multi-card support
[206434.832] (II) AMDGPU(0): Creating default Display subsection in Screen section
	"Default Screen Section" for depth/fbbpp 24/32
[206434.832] (==) AMDGPU(0): Depth 24, (--) framebuffer bpp 32
[206434.832] (II) AMDGPU(0): Pixel depth = 24 bits stored in 4 bytes (32 bpp pixmaps)
[206434.832] (==) AMDGPU(0): Default visual is TrueColor
[206434.832] (==) AMDGPU(0): RGB weight 888
[206434.832] (II) AMDGPU(0): Using 8 bits per RGB (8 bit DAC)
[206434.832] (--) AMDGPU(0): Chipset: "Radeon RX550/550 Series" (ChipID = 0x699f)
[206434.832] (II) Loading sub module "fb"
[206434.832] (II) LoadModule: "fb"
[206434.832] (II) Loading /usr/lib/xorg/modules/libfb.so
[206434.833] (II) Module fb: vendor="X.Org Foundation"
[206434.833] 	compiled for 1.20.13, module version = 1.0.0
[206434.833] 	ABI class: X.Org ANSI C Emulation, version 0.4
[206434.833] (II) Loading sub module "dri2"
[206434.833] (II) LoadModule: "dri2"
[206434.833] (II) Module "dri2" already built-in
[206434.862] (II) Loading sub module "glamoregl"
[206434.862] (II) LoadModule: "glamoregl"
[206434.862] (II) Loading /usr/lib/xorg/modules/libglamoregl.so
[206434.864] (II) Module glamoregl: vendor="X.Org Foundation"
[206434.864] 	compiled for 1.20.13, module version = 1.0.1
[206434.864] 	ABI class: X.Org ANSI C Emulation, version 0.4
[206434.870] (II) AMDGPU(0): glamor X acceleration enabled on Radeon RX550/550 Series (POLARIS12, DRM 3.42.0, 5.15.0-60-generic, LLVM 12.0.0)
[206434.870] (II) AMDGPU(0): glamor detected, initialising EGL layer.
[206434.870] (==) AMDGPU(0): TearFree property default: auto
[206434.870] (==) AMDGPU(0): VariableRefresh: disabled
[206434.870] (II) AMDGPU(0): KMS Pageflipping: enabled
[206434.870] (II) AMDGPU(0): Output DisplayPort-0 has no monitor section
[206434.870] (II) AMDGPU(0): Output DisplayPort-1 has no monitor section
[206434.870] (II) AMDGPU(0): Output DisplayPort-2 has no monitor section
[206434.889] (II) AMDGPU(0): EDID for output DisplayPort-0
[206434.889] (II) AMDGPU(0): Manufacturer: DEL  Model: d0d9  Serial#: 875639106
[206434.889] (II) AMDGPU(0): Year: 2020  Week: 21
[206434.889] (II) AMDGPU(0): EDID Version: 1.4
[206434.889] (II) AMDGPU(0): Digital Display Input
[206434.889] (II) AMDGPU(0): 8 bits per channel
[206434.889] (II) AMDGPU(0): Digital interface is DisplayPort
[206434.889] (II) AMDGPU(0): Max Image Size [cm]: horiz.: 53  vert.: 30
[206434.889] (II) AMDGPU(0): Gamma: 2.20
[206434.889] (II) AMDGPU(0): DPMS capabilities: Off
[206434.889] (II) AMDGPU(0): Supported color encodings: RGB 4:4:4 YCrCb 4:4:4 YCrCb 4:2:2
[206434.889] (II) AMDGPU(0): First detailed timing is preferred mode
[206434.889] (II) AMDGPU(0): Preferred mode is native pixel format and refresh rate
[206434.889] (II) AMDGPU(0): redX: 0.652 redY: 0.336   greenX: 0.321 greenY: 0.610
[206434.889] (II) AMDGPU(0): blueX: 0.153 blueY: 0.061   whiteX: 0.313 whiteY: 0.329
[206434.889] (II) AMDGPU(0): Supported established timings:
[206434.889] (II) AMDGPU(0): 720x400@70Hz
[206434.889] (II) AMDGPU(0): 640x480@60Hz
[206434.889] (II) AMDGPU(0): 640x480@75Hz
[206434.889] (II) AMDGPU(0): 800x600@60Hz
[206434.889] (II) AMDGPU(0): 800x600@75Hz
[206434.889] (II) AMDGPU(0): 1024x768@60Hz
[206434.889] (II) AMDGPU(0): 1024x768@75Hz
[206434.889] (II) AMDGPU(0): 1280x1024@75Hz
[206434.889] (II) AMDGPU(0): Manufacturer's mask: 0
[206434.889] (II) AMDGPU(0): Supported standard timings:
[206434.889] (II) AMDGPU(0): #0: hsize: 1152  vsize 864  refresh: 75  vid: 20337
[206434.889] (II) AMDGPU(0): #1: hsize: 1280  vsize 1024  refresh: 60  vid: 32897
[206434.889] (II) AMDGPU(0): #2: hsize: 1600  vsize 900  refresh: 60  vid: 49321
[206434.889] (II) AMDGPU(0): #3: hsize: 1920  vsize 1080  refresh: 60  vid: 49361
[206434.889] (II) AMDGPU(0): Supported detailed timing:
[206434.889] (II) AMDGPU(0): clock: 148.5 MHz   Image Size:  527 x 296 mm
[206434.889] (II) AMDGPU(0): h_active: 1920  h_sync: 2008  h_sync_end 2052 h_blank_end 2200 h_border: 0
[206434.889] (II) AMDGPU(0): v_active: 1080  v_sync: 1084  v_sync_end 1089 v_blanking: 1125 v_border: 0
[206434.889] (II) AMDGPU(0): Serial No: FP8Q343
[206434.889] (II) AMDGPU(0): Monitor name: DELL P2419H
[206434.889] (II) AMDGPU(0): Ranges: V min: 56 V max: 76 Hz, H min: 30 H max: 83 kHz, PixClock max 175 MHz
[206434.889] (II) AMDGPU(0): EDID (in hex):
[206434.889] (II) AMDGPU(0): 	00ffffffffffff0010acd9d042313134
[206434.889] (II) AMDGPU(0): 	151e0104a5351e783a0565a756529c27
[206434.889] (II) AMDGPU(0): 	0f5054a54b00714f8180a9c0d1c00101
[206434.889] (II) AMDGPU(0): 	010101010101023a801871382d40582c
[206434.889] (II) AMDGPU(0): 	45000f282100001e000000ff00465038
[206434.889] (II) AMDGPU(0): 	513334330a2020202020000000fc0044
[206434.889] (II) AMDGPU(0): 	454c4c205032343139480a20000000fd
[206434.889] (II) AMDGPU(0): 	00384c1e5311010a20202020202000dd
[206434.889] (II) AMDGPU(0): Printing probed modes for output DisplayPort-0
[206434.889] (II) AMDGPU(0): Modeline "1920x1080"x60.0  148.50  1920 2008 2052 2200  1080 1084 1089 1125 +hsync +vsync (67.5 kHz eP)
[206434.889] (II) AMDGPU(0): Modeline "1680x1050"x60.0  148.50  1680 2008 2052 2200  1050 1084 1089 1125 +hsync +vsync (67.5 kHz e)
[206434.889] (II) AMDGPU(0): Modeline "1600x900"x60.0  108.00  1600 1624 1704 1800  900 901 904 1000 +hsync +vsync (60.0 kHz e)
[206434.889] (II) AMDGPU(0): Modeline "1280x1024"x75.0  135.00  1280 1296 1440 1688  1024 1025 1028 1066 +hsync +vsync (80.0 kHz e)
[206434.889] (II) AMDGPU(0): Modeline "1280x1024"x60.0  108.00  1280 1328 1440 1688  1024 1025 1028 1066 +hsync +vsync (64.0 kHz e)
[206434.889] (II) AMDGPU(0): Modeline "1440x900"x60.0  148.50  1440 2008 2052 2200  900 1084 1089 1125 +hsync +vsync (67.5 kHz e)
[206434.889] (II) AMDGPU(0): Modeline "1280x800"x60.0  148.50  1280 2008 2052 2200  800 1084 1089 1125 +hsync +vsync (67.5 kHz e)
[206434.889] (II) AMDGPU(0): Modeline "1152x864"x75.0  108.00  1152 1216 1344 1600  864 865 868 900 +hsync +vsync (67.5 kHz e)
[206434.889] (II) AMDGPU(0): Modeline "1280x720"x60.0  148.50  1280 2008 2052 2200  720 1084 1089 1125 +hsync +vsync (67.5 kHz e)
[206434.889] (II) AMDGPU(0): Modeline "1024x768"x75.0   78.75  1024 1040 1136 1312  768 769 772 800 +hsync +vsync (60.0 kHz e)
[206434.889] (II) AMDGPU(0): Modeline "1024x768"x60.0   65.00  1024 1048 1184 1344  768 771 777 806 -hsync -vsync (48.4 kHz e)
[206434.889] (II) AMDGPU(0): Modeline "800x600"x75.0   49.50  800 816 896 1056  600 601 604 625 +hsync +vsync (46.9 kHz e)
[206434.889] (II) AMDGPU(0): Modeline "800x600"x60.3   40.00  800 840 968 1056  600 601 605 628 +hsync +vsync (37.9 kHz e)
[206434.889] (II) AMDGPU(0): Modeline "640x480"x75.0   31.50  640 656 720 840  480 481 484 500 -hsync -vsync (37.5 kHz e)
[206434.889] (II) AMDGPU(0): Modeline "640x480"x59.9   25.18  640 656 752 800  480 490 492 525 -hsync -vsync (31.5 kHz e)
[206434.889] (II) AMDGPU(0): Modeline "720x400"x70.1   28.32  720 738 846 900  400 412 414 449 -hsync +vsync (31.5 kHz e)
[206434.889] (II) AMDGPU(0): EDID for output DisplayPort-1
[206434.889] (II) AMDGPU(0): EDID for output DisplayPort-2
[206434.889] (II) AMDGPU(0): Output DisplayPort-0 connected
[206434.889] (II) AMDGPU(0): Output DisplayPort-1 disconnected
[206434.889] (II) AMDGPU(0): Output DisplayPort-2 disconnected
[206434.889] (II) AMDGPU(0): Using exact sizes for initial modes
[206434.889] (II) AMDGPU(0): Output DisplayPort-0 using initial mode 1920x1080 +0+0
[206434.889] (II) AMDGPU(0): mem size init: gart size :ff86b000 vram size: s:fe267000 visible:fac0000
[206434.889] (==) AMDGPU(0): DPI set to (96, 96)
[206434.889] (==) AMDGPU(0): Using gamma correction (1.0, 1.0, 1.0)
[206434.889] (II) Loading sub module "ramdac"
[206434.889] (II) LoadModule: "ramdac"
[206434.889] (II) Module "ramdac" already built-in
[206434.889] (==) modeset(G0): Depth 24, (==) framebuffer bpp 32
[206434.889] (==) modeset(G0): RGB weight 888
[206434.889] (==) modeset(G0): Default visual is TrueColor
[206434.889] (II) Loading sub module "glamoregl"
[206434.889] (II) LoadModule: "glamoregl"
[206434.889] (II) Loading /usr/lib/xorg/modules/libglamoregl.so
[206434.889] (II) Module glamoregl: vendor="X.Org Foundation"
[206434.889] 	compiled for 1.20.13, module version = 1.0.1
[206434.889] 	ABI class: X.Org ANSI C Emulation, version 0.4
[206434.893] (II) modeset(G0): glamor X acceleration enabled on Mesa Intel(R) UHD Graphics 630 (CFL GT2)
[206434.893] (II) modeset(G0): glamor initialized
[206434.894] (II) modeset(G0): Output DP-1-4 has no monitor section
[206434.906] (II) modeset(G0): Output HDMI-1-1 has no monitor section
[206434.906] (II) modeset(G0): Output DP-1-5 has no monitor section
[206434.918] (II) modeset(G0): Output HDMI-1-2 has no monitor section
[206434.918] (II) modeset(G0): Output DP-1-6 has no monitor section
[206435.034] (II) modeset(G0): Output HDMI-1-3 has no monitor section
[206435.034] (II) modeset(G0): EDID for output DP-1-4
[206435.045] (II) modeset(G0): EDID for output HDMI-1-1
[206435.045] (II) modeset(G0): EDID for output DP-1-5
[206435.057] (II) modeset(G0): EDID for output HDMI-1-2
[206435.057] (II) modeset(G0): EDID for output DP-1-6
[206435.172] (II) modeset(G0): EDID for output HDMI-1-3
[206435.172] (==) modeset(G0): Using gamma correction (1.0, 1.0, 1.0)
[206435.172] (==) modeset(G0): DPI set to (96, 96)
[206435.172] (II) Loading sub module "fb"
[206435.172] (II) LoadModule: "fb"
[206435.172] (II) Loading /usr/lib/xorg/modules/libfb.so
[206435.172] (II) Module fb: vendor="X.Org Foundation"
[206435.172] 	compiled for 1.20.13, module version = 1.0.0
[206435.172] 	ABI class: X.Org ANSI C Emulation, version 0.4
[206435.172] (II) UnloadModule: "fbdev"
[206435.172] (II) Unloading fbdev
[206435.172] (II) UnloadSubModule: "fbdevhw"
[206435.172] (II) Unloading fbdevhw
[206435.172] (II) UnloadModule: "vesa"
[206435.172] (II) Unloading vesa
[206435.172] (II) AMDGPU(0): [DRI2] Setup complete
[206435.172] (II) AMDGPU(0): [DRI2]   DRI driver: radeonsi
[206435.172] (II) AMDGPU(0): [DRI2]   VDPAU driver: radeonsi
[206435.173] (II) AMDGPU(0): Front buffer pitch: 7680 bytes
[206435.173] (II) AMDGPU(0): SYNC extension fences enabled
[206435.173] (II) AMDGPU(0): Present extension enabled
[206435.173] (==) AMDGPU(0): DRI3 enabled
[206435.173] (==) AMDGPU(0): Backing store enabled
[206435.173] (II) AMDGPU(0): Direct rendering enabled
[206435.357] (II) AMDGPU(0): Use GLAMOR acceleration.
[206435.357] (II) AMDGPU(0): Acceleration enabled
[206435.357] (==) AMDGPU(0): DPMS enabled
[206435.357] (==) AMDGPU(0): Silken mouse enabled
[206435.357] (II) AMDGPU(0): Set up textured video (glamor)
[206435.446] (==) modeset(G0): Backing store enabled
[206435.447] (==) modeset(G0): Silken mouse enabled
[206435.447] (II) modeset(G0): Initializing kms color map for depth 24, 8 bpc.
[206435.447] (==) modeset(G0): DPMS enabled
[206435.447] (II) modeset(G0): [DRI2] Setup complete
[206435.447] (II) modeset(G0): [DRI2]   DRI driver: iris
[206435.447] (II) modeset(G0): [DRI2]   VDPAU driver: va_gl
[206435.447] (II) modeset(G0): Disable reverse prime offload mode for i915.
[206435.447] (II) Initializing extension Generic Event Extension
[206435.447] (II) Initializing extension SHAPE
[206435.447] (II) Initializing extension MIT-SHM
[206435.447] (II) Initializing extension XInputExtension
[206435.448] (II) Initializing extension XTEST
[206435.448] (II) Initializing extension BIG-REQUESTS
[206435.448] (II) Initializing extension SYNC
[206435.448] (II) Initializing extension XKEYBOARD
[206435.448] (II) Initializing extension XC-MISC
[206435.448] (II) Initializing extension SECURITY
[206435.448] (II) Initializing extension XFIXES
[206435.448] (II) Initializing extension RENDER
[206435.448] (II) Initializing extension RANDR
[206435.448] (II) Initializing extension COMPOSITE
[206435.449] (II) Initializing extension DAMAGE
[206435.449] (II) Initializing extension MIT-SCREEN-SAVER
[206435.449] (II) Initializing extension DOUBLE-BUFFER
[206435.449] (II) Initializing extension RECORD
[206435.449] (II) Initializing extension DPMS
[206435.449] (II) Initializing extension Present
[206435.449] (II) Initializing extension DRI3
[206435.449] (II) Initializing extension X-Resource
[206435.449] (II) Initializing extension XVideo
[206435.449] (II) Initializing extension XVideo-MotionCompensation
[206435.449] (II) Initializing extension SELinux
[206435.449] (II) SELinux: Disabled on system
[206435.449] (II) Initializing extension GLX
[206435.454] (II) AIGLX: Loaded and initialized radeonsi
[206435.454] (II) GLX: Initialized DRI2 GL provider for screen 0
[206435.454] (II) Initializing extension XFree86-VidModeExtension
[206435.454] (II) Initializing extension XFree86-DGA
[206435.454] (II) Initializing extension XFree86-DRI
[206435.454] (II) Initializing extension DRI2
[206435.455] (II) modeset(G0): Damage tracking initialized
[206435.455] (II) AMDGPU(0): Setting screen physical size to 508 x 285
[206435.514] (II) config/udev: Adding input device Power Button (/dev/input/event2)
[206435.514] (**) Power Button: Applying InputClass "libinput keyboard catchall"
[206435.514] (II) LoadModule: "libinput"
[206435.514] (II) Loading /usr/lib/xorg/modules/input/libinput_drv.so
[206435.515] (II) Module libinput: vendor="X.Org Foundation"
[206435.515] 	compiled for 1.20.4, module version = 0.29.0
[206435.515] 	Module class: X.Org XInput Driver
[206435.515] 	ABI class: X.Org XInput driver, version 24.1
[206435.515] (II) Using input driver 'libinput' for 'Power Button'
[206435.516] (II) systemd-logind: got fd for /dev/input/event2 13:66 fd 33 paused 0
[206435.516] (**) Power Button: always reports core events
[206435.516] (**) Option "Device" "/dev/input/event2"
[206435.516] (**) Option "_source" "server/udev"
[206435.517] (II) event2  - Power Button: is tagged by udev as: Keyboard
[206435.517] (II) event2  - Power Button: device is a keyboard
[206435.517] (II) event2  - Power Button: device removed
[206435.517] (**) Option "config_info" "udev:/sys/devices/LNXSYSTM:00/LNXPWRBN:00/input/input2/event2"
[206435.517] (II) XINPUT: Adding extended input device "Power Button" (type: KEYBOARD, id 6)
[206435.517] (**) Option "xkb_model" "pc105"
[206435.517] (**) Option "xkb_layout" "us"
[206435.518] (II) event2  - Power Button: is tagged by udev as: Keyboard
[206435.518] (II) event2  - Power Button: device is a keyboard
[206435.519] (II) config/udev: Adding input device Video Bus (/dev/input/event3)
[206435.519] (**) Video Bus: Applying InputClass "libinput keyboard catchall"
[206435.519] (II) Using input driver 'libinput' for 'Video Bus'
[206435.519] (II) systemd-logind: got fd for /dev/input/event3 13:67 fd 36 paused 0
[206435.519] (**) Video Bus: always reports core events
[206435.519] (**) Option "Device" "/dev/input/event3"
[206435.519] (**) Option "_source" "server/udev"
[206435.520] (II) event3  - Video Bus: is tagged by udev as: Keyboard
[206435.520] (II) event3  - Video Bus: device is a keyboard
[206435.520] (II) event3  - Video Bus: device removed
[206435.520] (**) Option "config_info" "udev:/sys/devices/LNXSYSTM:00/LNXSYBUS:00/PNP0A08:00/LNXVIDEO:00/input/input3/event3"
[206435.520] (II) XINPUT: Adding extended input device "Video Bus" (type: KEYBOARD, id 7)
[206435.520] (**) Option "xkb_model" "pc105"
[206435.520] (**) Option "xkb_layout" "us"
[206435.520] (II) event3  - Video Bus: is tagged by udev as: Keyboard
[206435.520] (II) event3  - Video Bus: device is a keyboard
[206435.521] (II) config/udev: Adding input device Power Button (/dev/input/event1)
[206435.521] (**) Power Button: Applying InputClass "libinput keyboard catchall"
[206435.521] (II) Using input driver 'libinput' for 'Power Button'
[206435.521] (II) systemd-logind: got fd for /dev/input/event1 13:65 fd 37 paused 0
[206435.521] (**) Power Button: always reports core events
[206435.521] (**) Option "Device" "/dev/input/event1"
[206435.521] (**) Option "_source" "server/udev"
[206435.522] (II) event1  - Power Button: is tagged by udev as: Keyboard
[206435.522] (II) event1  - Power Button: device is a keyboard
[206435.522] (II) event1  - Power Button: device removed
[206435.522] (**) Option "config_info" "udev:/sys/devices/LNXSYSTM:00/LNXSYBUS:00/PNP0C0C:00/input/input1/event1"
[206435.522] (II) XINPUT: Adding extended input device "Power Button" (type: KEYBOARD, id 8)
[206435.522] (**) Option "xkb_model" "pc105"
[206435.522] (**) Option "xkb_layout" "us"
[206435.523] (II) event1  - Power Button: is tagged by udev as: Keyboard
[206435.523] (II) event1  - Power Button: device is a keyboard
[206435.523] (II) config/udev: Adding input device Sleep Button (/dev/input/event0)
[206435.523] (**) Sleep Button: Applying InputClass "libinput keyboard catchall"
[206435.523] (II) Using input driver 'libinput' for 'Sleep Button'
[206435.523] (II) systemd-logind: got fd for /dev/input/event0 13:64 fd 38 paused 0
[206435.523] (**) Sleep Button: always reports core events
[206435.523] (**) Option "Device" "/dev/input/event0"
[206435.523] (**) Option "_source" "server/udev"
[206435.524] (II) event0  - Sleep Button: is tagged by udev as: Keyboard
[206435.524] (II) event0  - Sleep Button: device is a keyboard
[206435.524] (II) event0  - Sleep Button: device removed
[206435.524] (**) Option "config_info" "udev:/sys/devices/LNXSYSTM:00/LNXSYBUS:00/PNP0C0E:00/input/input0/event0"
[206435.524] (II) XINPUT: Adding extended input device "Sleep Button" (type: KEYBOARD, id 9)
[206435.524] (**) Option "xkb_model" "pc105"
[206435.524] (**) Option "xkb_layout" "us"
[206435.525] (II) event0  - Sleep Button: is tagged by udev as: Keyboard
[206435.525] (II) event0  - Sleep Button: device is a keyboard
[206435.525] (II) config/udev: Adding input device HDA ATI HDMI HDMI/DP,pcm=3 (/dev/input/event11)
[206435.525] (II) No input driver specified, ignoring this device.
[206435.525] (II) This device may have been added with another device file.
[206435.526] (II) config/udev: Adding input device HDA ATI HDMI HDMI/DP,pcm=7 (/dev/input/event12)
[206435.526] (II) No input driver specified, ignoring this device.
[206435.526] (II) This device may have been added with another device file.
[206435.526] (II) config/udev: Adding input device HDA ATI HDMI HDMI/DP,pcm=8 (/dev/input/event13)
[206435.526] (II) No input driver specified, ignoring this device.
[206435.526] (II) This device may have been added with another device file.
[206435.526] (II) config/udev: Adding input device HDA ATI HDMI HDMI/DP,pcm=9 (/dev/input/event14)
[206435.526] (II) No input driver specified, ignoring this device.
[206435.526] (II) This device may have been added with another device file.
[206435.526] (II) config/udev: Adding input device HDA ATI HDMI HDMI/DP,pcm=10 (/dev/input/event15)
[206435.526] (II) No input driver specified, ignoring this device.
[206435.526] (II) This device may have been added with another device file.
[206435.527] (II) config/udev: Adding input device Dell Dell Wired Multimedia Keyboard (/dev/input/event5)
[206435.527] (**) Dell Dell Wired Multimedia Keyboard: Applying InputClass "libinput keyboard catchall"
[206435.527] (II) Using input driver 'libinput' for 'Dell Dell Wired Multimedia Keyboard'
[206435.528] (II) systemd-logind: got fd for /dev/input/event5 13:69 fd 39 paused 0
[206435.528] (**) Dell Dell Wired Multimedia Keyboard: always reports core events
[206435.528] (**) Option "Device" "/dev/input/event5"
[206435.528] (**) Option "_source" "server/udev"
[206435.529] (II) event5  - Dell Dell Wired Multimedia Keyboard: is tagged by udev as: Keyboard
[206435.529] (II) event5  - Dell Dell Wired Multimedia Keyboard: device is a keyboard
[206435.529] (II) event5  - Dell Dell Wired Multimedia Keyboard: device removed
[206435.529] (**) Option "config_info" "udev:/sys/devices/pci0000:00/0000:00:14.0/usb1/1-3/1-3.4/1-3.4:1.0/0003:413C:2110.0002/input/input5/event5"
[206435.529] (II) XINPUT: Adding extended input device "Dell Dell Wired Multimedia Keyboard" (type: KEYBOARD, id 10)
[206435.529] (**) Option "xkb_model" "pc105"
[206435.529] (**) Option "xkb_layout" "us"
[206435.530] (II) event5  - Dell Dell Wired Multimedia Keyboard: is tagged by udev as: Keyboard
[206435.530] (II) event5  - Dell Dell Wired Multimedia Keyboard: device is a keyboard
[206435.531] (II) config/udev: Adding input device Dell Dell Wired Multimedia Keyboard Mouse (/dev/input/event6)
[206435.531] (**) Dell Dell Wired Multimedia Keyboard Mouse: Applying InputClass "libinput pointer catchall"
[206435.531] (II) Using input driver 'libinput' for 'Dell Dell Wired Multimedia Keyboard Mouse'
[206435.531] (II) systemd-logind: got fd for /dev/input/event6 13:70 fd 40 paused 0
[206435.531] (**) Dell Dell Wired Multimedia Keyboard Mouse: always reports core events
[206435.531] (**) Option "Device" "/dev/input/event6"
[206435.531] (**) Option "_source" "server/udev"
[206435.532] (II) event6  - Dell Dell Wired Multimedia Keyboard Mouse: is tagged by udev as: Mouse
[206435.533] (II) event6  - Dell Dell Wired Multimedia Keyboard Mouse: device is a pointer
[206435.533] (II) event6  - Dell Dell Wired Multimedia Keyboard Mouse: device removed
[206435.533] (**) Option "config_info" "udev:/sys/devices/pci0000:00/0000:00:14.0/usb1/1-3/1-3.4/1-3.4:1.1/0003:413C:2110.0003/input/input6/event6"
[206435.533] (II) XINPUT: Adding extended input device "Dell Dell Wired Multimedia Keyboard Mouse" (type: MOUSE, id 11)
[206435.533] (**) Option "AccelerationScheme" "none"
[206435.533] (**) Dell Dell Wired Multimedia Keyboard Mouse: (accel) selected scheme none/0
[206435.533] (**) Dell Dell Wired Multimedia Keyboard Mouse: (accel) acceleration factor: 2.000
[206435.533] (**) Dell Dell Wired Multimedia Keyboard Mouse: (accel) acceleration threshold: 4
[206435.534] (II) event6  - Dell Dell Wired Multimedia Keyboard Mouse: is tagged by udev as: Mouse
[206435.534] (II) event6  - Dell Dell Wired Multimedia Keyboard Mouse: device is a pointer
[206435.534] (II) config/udev: Adding input device Dell Dell Wired Multimedia Keyboard Mouse (/dev/input/mouse1)
[206435.535] (II) No input driver specified, ignoring this device.
[206435.535] (II) This device may have been added with another device file.
[206435.535] (II) config/udev: Adding input device Dell Dell Wired Multimedia Keyboard System Control (/dev/input/event7)
[206435.535] (**) Dell Dell Wired Multimedia Keyboard System Control: Applying InputClass "libinput keyboard catchall"
[206435.535] (II) Using input driver 'libinput' for 'Dell Dell Wired Multimedia Keyboard System Control'
[206435.535] (II) systemd-logind: got fd for /dev/input/event7 13:71 fd 41 paused 0
[206435.535] (**) Dell Dell Wired Multimedia Keyboard System Control: always reports core events
[206435.535] (**) Option "Device" "/dev/input/event7"
[206435.535] (**) Option "_source" "server/udev"
[206435.537] (II) event7  - Dell Dell Wired Multimedia Keyboard System Control: is tagged by udev as: Keyboard
[206435.537] (II) event7  - Dell Dell Wired Multimedia Keyboard System Control: device is a keyboard
[206435.537] (II) event7  - Dell Dell Wired Multimedia Keyboard System Control: device removed
[206435.537] (**) Option "config_info" "udev:/sys/devices/pci0000:00/0000:00:14.0/usb1/1-3/1-3.4/1-3.4:1.1/0003:413C:2110.0003/input/input7/event7"
[206435.537] (II) XINPUT: Adding extended input device "Dell Dell Wired Multimedia Keyboard System Control" (type: KEYBOARD, id 12)
[206435.537] (**) Option "xkb_model" "pc105"
[206435.537] (**) Option "xkb_layout" "us"
[206435.538] (II) event7  - Dell Dell Wired Multimedia Keyboard System Control: is tagged by udev as: Keyboard
[206435.538] (II) event7  - Dell Dell Wired Multimedia Keyboard System Control: device is a keyboard
[206435.539] (II) config/udev: Adding input device Dell Dell Wired Multimedia Keyboard Consumer Control (/dev/input/event8)
[206435.539] (**) Dell Dell Wired Multimedia Keyboard Consumer Control: Applying InputClass "libinput keyboard catchall"
[206435.539] (II) Using input driver 'libinput' for 'Dell Dell Wired Multimedia Keyboard Consumer Control'
[206435.539] (II) systemd-logind: got fd for /dev/input/event8 13:72 fd 42 paused 0
[206435.539] (**) Dell Dell Wired Multimedia Keyboard Consumer Control: always reports core events
[206435.539] (**) Option "Device" "/dev/input/event8"
[206435.539] (**) Option "_source" "server/udev"
[206435.540] (II) event8  - Dell Dell Wired Multimedia Keyboard Consumer Control: is tagged by udev as: Keyboard
[206435.540] (II) event8  - Dell Dell Wired Multimedia Keyboard Consumer Control: device is a keyboard
[206435.540] (II) event8  - Dell Dell Wired Multimedia Keyboard Consumer Control: device removed
[206435.540] (**) Option "config_info" "udev:/sys/devices/pci0000:00/0000:00:14.0/usb1/1-3/1-3.4/1-3.4:1.1/0003:413C:2110.0003/input/input8/event8"
[206435.540] (II) XINPUT: Adding extended input device "Dell Dell Wired Multimedia Keyboard Consumer Control" (type: KEYBOARD, id 13)
[206435.540] (**) Option "xkb_model" "pc105"
[206435.540] (**) Option "xkb_layout" "us"
[206435.542] (II) event8  - Dell Dell Wired Multimedia Keyboard Consumer Control: is tagged by udev as: Keyboard
[206435.542] (II) event8  - Dell Dell Wired Multimedia Keyboard Consumer Control: device is a keyboard
[206435.542] (II) config/udev: Adding input device DELL Laser Mouse (/dev/input/event4)
[206435.542] (**) DELL Laser Mouse: Applying InputClass "libinput pointer catchall"
[206435.542] (II) Using input driver 'libinput' for 'DELL Laser Mouse'
[206435.601] (II) systemd-logind: got fd for /dev/input/event4 13:68 fd 43 paused 0
[206435.601] (**) DELL Laser Mouse: always reports core events
[206435.601] (**) Option "Device" "/dev/input/event4"
[206435.601] (**) Option "_source" "server/udev"
[206435.602] (II) event4  - DELL Laser Mouse: is tagged by udev as: Mouse
[206435.602] (II) event4  - DELL Laser Mouse: device is a pointer
[206435.602] (II) event4  - DELL Laser Mouse: device removed
[206435.602] (**) Option "config_info" "udev:/sys/devices/pci0000:00/0000:00:14.0/usb1/1-5/1-5:1.0/0003:0461:4D51.0001/input/input4/event4"
[206435.602] (II) XINPUT: Adding extended input device "DELL Laser Mouse" (type: MOUSE, id 14)
[206435.603] (**) Option "AccelerationScheme" "none"
[206435.603] (**) DELL Laser Mouse: (accel) selected scheme none/0
[206435.603] (**) DELL Laser Mouse: (accel) acceleration factor: 2.000
[206435.603] (**) DELL Laser Mouse: (accel) acceleration threshold: 4
[206435.604] (II) event4  - DELL Laser Mouse: is tagged by udev as: Mouse
[206435.604] (II) event4  - DELL Laser Mouse: device is a pointer
[206435.604] (II) config/udev: Adding input device DELL Laser Mouse (/dev/input/mouse0)
[206435.604] (II) No input driver specified, ignoring this device.
[206435.604] (II) This device may have been added with another device file.
[206435.604] (II) config/udev: Adding input device HDA Intel PCH Headphone Mic (/dev/input/event16)
[206435.604] (II) No input driver specified, ignoring this device.
[206435.605] (II) This device may have been added with another device file.
[206435.605] (II) config/udev: Adding input device HDA Intel PCH Front Line Out (/dev/input/event17)
[206435.605] (II) No input driver specified, ignoring this device.
[206435.605] (II) This device may have been added with another device file.
[206435.605] (II) config/udev: Adding input device HDA Intel PCH HDMI/DP,pcm=3 (/dev/input/event18)
[206435.605] (II) No input driver specified, ignoring this device.
[206435.605] (II) This device may have been added with another device file.
[206435.605] (II) config/udev: Adding input device HDA Intel PCH HDMI/DP,pcm=7 (/dev/input/event19)
[206435.605] (II) No input driver specified, ignoring this device.
[206435.605] (II) This device may have been added with another device file.
[206435.606] (II) config/udev: Adding input device HDA Intel PCH HDMI/DP,pcm=8 (/dev/input/event20)
[206435.606] (II) No input driver specified, ignoring this device.
[206435.606] (II) This device may have been added with another device file.
[206435.606] (II) config/udev: Adding input device HDA Intel PCH HDMI/DP,pcm=9 (/dev/input/event21)
[206435.606] (II) No input driver specified, ignoring this device.
[206435.606] (II) This device may have been added with another device file.
[206435.606] (II) config/udev: Adding input device HDA Intel PCH HDMI/DP,pcm=10 (/dev/input/event22)
[206435.606] (II) No input driver specified, ignoring this device.
[206435.606] (II) This device may have been added with another device file.
[206435.606] (II) config/udev: Adding input device Dell WMI hotkeys (/dev/input/event10)
[206435.606] (**) Dell WMI hotkeys: Applying InputClass "libinput keyboard catchall"
[206435.606] (II) Using input driver 'libinput' for 'Dell WMI hotkeys'
[206435.607] (II) systemd-logind: got fd for /dev/input/event10 13:74 fd 44 paused 0
[206435.607] (**) Dell WMI hotkeys: always reports core events
[206435.607] (**) Option "Device" "/dev/input/event10"
[206435.607] (**) Option "_source" "server/udev"
[206435.608] (II) event10 - Dell WMI hotkeys: is tagged by udev as: Keyboard
[206435.608] (II) event10 - Dell WMI hotkeys: device is a keyboard
[206435.608] (II) event10 - Dell WMI hotkeys: device removed
[206435.608] (**) Option "config_info" "udev:/sys/devices/platform/PNP0C14:04/wmi_bus/wmi_bus-PNP0C14:04/9DBB5994-A997-11DA-B012-B622A1EF5492/input/input10/event10"
[206435.608] (II) XINPUT: Adding extended input device "Dell WMI hotkeys" (type: KEYBOARD, id 15)
[206435.608] (**) Option "xkb_model" "pc105"
[206435.608] (**) Option "xkb_layout" "us"
[206435.609] (II) event10 - Dell WMI hotkeys: is tagged by udev as: Keyboard
[206435.609] (II) event10 - Dell WMI hotkeys: device is a keyboard
[206435.610] (II) config/udev: Adding input device Dell AIO WMI hotkeys (/dev/input/event9)
[206435.610] (**) Dell AIO WMI hotkeys: Applying InputClass "libinput keyboard catchall"
[206435.610] (II) Using input driver 'libinput' for 'Dell AIO WMI hotkeys'
[206435.611] (II) systemd-logind: got fd for /dev/input/event9 13:73 fd 45 paused 0
[206435.611] (**) Dell AIO WMI hotkeys: always reports core events
[206435.611] (**) Option "Device" "/dev/input/event9"
[206435.611] (**) Option "_source" "server/udev"
[206435.611] (II) event9  - Dell AIO WMI hotkeys: is tagged by udev as: Keyboard
[206435.611] (II) event9  - Dell AIO WMI hotkeys: device is a keyboard
[206435.611] (II) event9  - Dell AIO WMI hotkeys: device removed
[206435.611] (**) Option "config_info" "udev:/sys/devices/virtual/input/input9/event9"
[206435.612] (II) XINPUT: Adding extended input device "Dell AIO WMI hotkeys" (type: KEYBOARD, id 16)
[206435.612] (**) Option "xkb_model" "pc105"
[206435.612] (**) Option "xkb_layout" "us"
[206435.612] (II) event9  - Dell AIO WMI hotkeys: is tagged by udev as: Keyboard
[206435.612] (II) event9  - Dell AIO WMI hotkeys: device is a keyboard
[206436.031] (II) AMDGPU(0): EDID vendor "DEL", prod id 53465
[206436.032] (II) AMDGPU(0): Using EDID range info for horizontal sync
[206436.032] (II) AMDGPU(0): Using EDID range info for vertical refresh
[206436.032] (II) AMDGPU(0): Printing DDC gathered Modelines:
[206436.032] (II) AMDGPU(0): Modeline "1920x1080"x0.0  148.50  1920 2008 2052 2200  1080 1084 1089 1125 +hsync +vsync (67.5 kHz eP)
[206436.032] (II) AMDGPU(0): Modeline "800x600"x0.0   40.00  800 840 968 1056  600 601 605 628 +hsync +vsync (37.9 kHz e)
[206436.032] (II) AMDGPU(0): Modeline "640x480"x0.0   31.50  640 656 720 840  480 481 484 500 -hsync -vsync (37.5 kHz e)
[206436.032] (II) AMDGPU(0): Modeline "640x480"x0.0   25.18  640 656 752 800  480 490 492 525 -hsync -vsync (31.5 kHz e)
[206436.032] (II) AMDGPU(0): Modeline "720x400"x0.0   28.32  720 738 846 900  400 412 414 449 -hsync +vsync (31.5 kHz e)
[206436.032] (II) AMDGPU(0): Modeline "1280x1024"x0.0  135.00  1280 1296 1440 1688  1024 1025 1028 1066 +hsync +vsync (80.0 kHz e)
[206436.032] (II) AMDGPU(0): Modeline "1024x768"x0.0   78.75  1024 1040 1136 1312  768 769 772 800 +hsync +vsync (60.0 kHz e)
[206436.032] (II) AMDGPU(0): Modeline "1024x768"x0.0   65.00  1024 1048 1184 1344  768 771 777 806 -hsync -vsync (48.4 kHz e)
[206436.032] (II) AMDGPU(0): Modeline "800x600"x0.0   49.50  800 816 896 1056  600 601 604 625 +hsync +vsync (46.9 kHz e)
[206436.032] (II) AMDGPU(0): Modeline "1152x864"x0.0  108.00  1152 1216 1344 1600  864 865 868 900 +hsync +vsync (67.5 kHz e)
[206436.032] (II) AMDGPU(0): Modeline "1280x1024"x0.0  108.00  1280 1328 1440 1688  1024 1025 1028 1066 +hsync +vsync (64.0 kHz e)
[206436.032] (II) AMDGPU(0): Modeline "1600x900"x60.0  119.00  1600 1696 1864 2128  900 901 904 932 -hsync +vsync (55.9 kHz e)
[206436.032] (II) AMDGPU(0): EDID vendor "DEL", prod id 53465
[206436.032] (II) AMDGPU(0): Using hsync ranges from config file
[206436.032] (II) AMDGPU(0): Using vrefresh ranges from config file
[206436.032] (II) AMDGPU(0): Printing DDC gathered Modelines:
[206436.032] (II) AMDGPU(0): Modeline "1920x1080"x0.0  148.50  1920 2008 2052 2200  1080 1084 1089 1125 +hsync +vsync (67.5 kHz eP)
[206436.032] (II) AMDGPU(0): Modeline "800x600"x0.0   40.00  800 840 968 1056  600 601 605 628 +hsync +vsync (37.9 kHz e)
[206436.032] (II) AMDGPU(0): Modeline "640x480"x0.0   31.50  640 656 720 840  480 481 484 500 -hsync -vsync (37.5 kHz e)
[206436.032] (II) AMDGPU(0): Modeline "640x480"x0.0   25.18  640 656 752 800  480 490 492 525 -hsync -vsync (31.5 kHz e)
[206436.032] (II) AMDGPU(0): Modeline "720x400"x0.0   28.32  720 738 846 900  400 412 414 449 -hsync +vsync (31.5 kHz e)
[206436.032] (II) AMDGPU(0): Modeline "1280x1024"x0.0  135.00  1280 1296 1440 1688  1024 1025 1028 1066 +hsync +vsync (80.0 kHz e)
[206436.032] (II) AMDGPU(0): Modeline "1024x768"x0.0   78.75  1024 1040 1136 1312  768 769 772 800 +hsync +vsync (60.0 kHz e)
[206436.032] (II) AMDGPU(0): Modeline "1024x768"x0.0   65.00  1024 1048 1184 1344  768 771 777 806 -hsync -vsync (48.4 kHz e)
[206436.032] (II) AMDGPU(0): Modeline "800x600"x0.0   49.50  800 816 896 1056  600 601 604 625 +hsync +vsync (46.9 kHz e)
[206436.032] (II) AMDGPU(0): Modeline "1152x864"x0.0  108.00  1152 1216 1344 1600  864 865 868 900 +hsync +vsync (67.5 kHz e)
[206436.032] (II) AMDGPU(0): Modeline "1280x1024"x0.0  108.00  1280 1328 1440 1688  1024 1025 1028 1066 +hsync +vsync (64.0 kHz e)
[206436.032] (II) AMDGPU(0): Modeline "1600x900"x60.0  119.00  1600 1696 1864 2128  900 901 904 932 -hsync +vsync (55.9 kHz e)
[208965.387] (EE) AMDGPU(0): drmmode_do_crtc_dpms cannot get last vblank counter
[209204.959] (II) AMDGPU(0): EDID vendor "DEL", prod id 53465
[209204.959] (II) AMDGPU(0): Using hsync ranges from config file
[209204.959] (II) AMDGPU(0): Using vrefresh ranges from config file
[209204.959] (II) AMDGPU(0): Printing DDC gathered Modelines:
[209204.959] (II) AMDGPU(0): Modeline "1920x1080"x0.0  148.50  1920 2008 2052 2200  1080 1084 1089 1125 +hsync +vsync (67.5 kHz eP)
[209204.959] (II) AMDGPU(0): Modeline "800x600"x0.0   40.00  800 840 968 1056  600 601 605 628 +hsync +vsync (37.9 kHz e)
[209204.959] (II) AMDGPU(0): Modeline "640x480"x0.0   31.50  640 656 720 840  480 481 484 500 -hsync -vsync (37.5 kHz e)
[209204.959] (II) AMDGPU(0): Modeline "640x480"x0.0   25.18  640 656 752 800  480 490 492 525 -hsync -vsync (31.5 kHz e)
[209204.959] (II) AMDGPU(0): Modeline "720x400"x0.0   28.32  720 738 846 900  400 412 414 449 -hsync +vsync (31.5 kHz e)
[209204.959] (II) AMDGPU(0): Modeline "1280x1024"x0.0  135.00  1280 1296 1440 1688  1024 1025 1028 1066 +hsync +vsync (80.0 kHz e)
[209204.959] (II) AMDGPU(0): Modeline "1024x768"x0.0   78.75  1024 1040 1136 1312  768 769 772 800 +hsync +vsync (60.0 kHz e)
[209204.959] (II) AMDGPU(0): Modeline "1024x768"x0.0   65.00  1024 1048 1184 1344  768 771 777 806 -hsync -vsync (48.4 kHz e)
[209204.959] (II) AMDGPU(0): Modeline "800x600"x0.0   49.50  800 816 896 1056  600 601 604 625 +hsync +vsync (46.9 kHz e)
[209204.959] (II) AMDGPU(0): Modeline "1152x864"x0.0  108.00  1152 1216 1344 1600  864 865 868 900 +hsync +vsync (67.5 kHz e)
[209204.959] (II) AMDGPU(0): Modeline "1280x1024"x0.0  108.00  1280 1328 1440 1688  1024 1025 1028 1066 +hsync +vsync (64.0 kHz e)
[209204.959] (II) AMDGPU(0): Modeline "1600x900"x60.0  119.00  1600 1696 1864 2128  900 901 904 932 -hsync +vsync (55.9 kHz e)
[209205.314] (II) AMDGPU(0): EDID vendor "DEL", prod id 53465
[209205.314] (II) AMDGPU(0): Using hsync ranges from config file
[209205.314] (II) AMDGPU(0): Using vrefresh ranges from config file
[209205.314] (II) AMDGPU(0): Printing DDC gathered Modelines:
[209205.314] (II) AMDGPU(0): Modeline "1920x1080"x0.0  148.50  1920 2008 2052 2200  1080 1084 1089 1125 +hsync +vsync (67.5 kHz eP)
[209205.314] (II) AMDGPU(0): Modeline "800x600"x0.0   40.00  800 840 968 1056  600 601 605 628 +hsync +vsync (37.9 kHz e)
[209205.314] (II) AMDGPU(0): Modeline "640x480"x0.0   31.50  640 656 720 840  480 481 484 500 -hsync -vsync (37.5 kHz e)
[209205.314] (II) AMDGPU(0): Modeline "640x480"x0.0   25.18  640 656 752 800  480 490 492 525 -hsync -vsync (31.5 kHz e)
[209205.314] (II) AMDGPU(0): Modeline "720x400"x0.0   28.32  720 738 846 900  400 412 414 449 -hsync +vsync (31.5 kHz e)
[209205.314] (II) AMDGPU(0): Modeline "1280x1024"x0.0  135.00  1280 1296 1440 1688  1024 1025 1028 1066 +hsync +vsync (80.0 kHz e)
[209205.314] (II) AMDGPU(0): Modeline "1024x768"x0.0   78.75  1024 1040 1136 1312  768 769 772 800 +hsync +vsync (60.0 kHz e)
[209205.314] (II) AMDGPU(0): Modeline "1024x768"x0.0   65.00  1024 1048 1184 1344  768 771 777 806 -hsync -vsync (48.4 kHz e)
[209205.314] (II) AMDGPU(0): Modeline "800x600"x0.0   49.50  800 816 896 1056  600 601 604 625 +hsync +vsync (46.9 kHz e)
[209205.314] (II) AMDGPU(0): Modeline "1152x864"x0.0  108.00  1152 1216 1344 1600  864 865 868 900 +hsync +vsync (67.5 kHz e)
[209205.314] (II) AMDGPU(0): Modeline "1280x1024"x0.0  108.00  1280 1328 1440 1688  1024 1025 1028 1066 +hsync +vsync (64.0 kHz e)
[209205.314] (II) AMDGPU(0): Modeline "1600x900"x60.0  119.00  1600 1696 1864 2128  900 901 904 932 -hsync +vsync (55.9 kHz e)
[209205.315] (II) AMDGPU(0): EDID vendor "DEL", prod id 53465
[209205.315] (II) AMDGPU(0): Using hsync ranges from config file
[209205.315] (II) AMDGPU(0): Using vrefresh ranges from config file
[209205.315] (II) AMDGPU(0): Printing DDC gathered Modelines:
[209205.315] (II) AMDGPU(0): Modeline "1920x1080"x0.0  148.50  1920 2008 2052 2200  1080 1084 1089 1125 +hsync +vsync (67.5 kHz eP)
[209205.315] (II) AMDGPU(0): Modeline "800x600"x0.0   40.00  800 840 968 1056  600 601 605 628 +hsync +vsync (37.9 kHz e)
[209205.315] (II) AMDGPU(0): Modeline "640x480"x0.0   31.50  640 656 720 840  480 481 484 500 -hsync -vsync (37.5 kHz e)
[209205.315] (II) AMDGPU(0): Modeline "640x480"x0.0   25.18  640 656 752 800  480 490 492 525 -hsync -vsync (31.5 kHz e)
[209205.315] (II) AMDGPU(0): Modeline "720x400"x0.0   28.32  720 738 846 900  400 412 414 449 -hsync +vsync (31.5 kHz e)
[209205.315] (II) AMDGPU(0): Modeline "1280x1024"x0.0  135.00  1280 1296 1440 1688  1024 1025 1028 1066 +hsync +vsync (80.0 kHz e)
[209205.315] (II) AMDGPU(0): Modeline "1024x768"x0.0   78.75  1024 1040 1136 1312  768 769 772 800 +hsync +vsync (60.0 kHz e)
[209205.315] (II) AMDGPU(0): Modeline "1024x768"x0.0   65.00  1024 1048 1184 1344  768 771 777 806 -hsync -vsync (48.4 kHz e)
[209205.315] (II) AMDGPU(0): Modeline "800x600"x0.0   49.50  800 816 896 1056  600 601 604 625 +hsync +vsync (46.9 kHz e)
[209205.315] (II) AMDGPU(0): Modeline "1152x864"x0.0  108.00  1152 1216 1344 1600  864 865 868 900 +hsync +vsync (67.5 kHz e)
[209205.315] (II) AMDGPU(0): Modeline "1280x1024"x0.0  108.00  1280 1328 1440 1688  1024 1025 1028 1066 +hsync +vsync (64.0 kHz e)
[209205.315] (II) AMDGPU(0): Modeline "1600x900"x60.0  119.00  1600 1696 1864 2128  900 901 904 932 -hsync +vsync (55.9 kHz e)
[209388.580] (**) Option "fd" "33"
[209388.580] (II) event2  - Power Button: device removed
[209388.580] (**) Option "fd" "36"
[209388.580] (II) event3  - Video Bus: device removed
[209388.580] (**) Option "fd" "37"
[209388.580] (II) event1  - Power Button: device removed
[209388.580] (**) Option "fd" "38"
[209388.580] (II) event0  - Sleep Button: device removed
[209388.581] (**) Option "fd" "39"
[209388.581] (II) event5  - Dell Dell Wired Multimedia Keyboard: device removed
[209388.581] (**) Option "fd" "40"
[209388.581] (II) event6  - Dell Dell Wired Multimedia Keyboard Mouse: device removed
[209388.581] (**) Option "fd" "41"
[209388.581] (II) event7  - Dell Dell Wired Multimedia Keyboard System Control: device removed
[209388.581] (**) Option "fd" "42"
[209388.581] (II) event8  - Dell Dell Wired Multimedia Keyboard Consumer Control: device removed
[209388.581] (**) Option "fd" "43"
[209388.581] (II) event4  - DELL Laser Mouse: device removed
[209388.581] (**) Option "fd" "44"
[209388.581] (II) event10 - Dell WMI hotkeys: device removed
[209388.581] (**) Option "fd" "45"
[209388.581] (II) event9  - Dell AIO WMI hotkeys: device removed
[209388.583] (II) UnloadModule: "libinput"
[209388.583] (II) systemd-logind: releasing fd for 13:73
[209388.609] (II) UnloadModule: "libinput"
[209388.609] (II) systemd-logind: releasing fd for 13:74
[209388.649] (II) UnloadModule: "libinput"
[209388.649] (II) systemd-logind: releasing fd for 13:68
[209388.713] (II) UnloadModule: "libinput"
[209388.713] (II) systemd-logind: releasing fd for 13:72
[209388.749] (II) UnloadModule: "libinput"
[209388.749] (II) systemd-logind: releasing fd for 13:71
[209388.785] (II) UnloadModule: "libinput"
[209388.785] (II) systemd-logind: releasing fd for 13:70
[209388.817] (II) UnloadModule: "libinput"
[209388.817] (II) systemd-logind: releasing fd for 13:69
[209388.849] (II) UnloadModule: "libinput"
[209388.849] (II) systemd-logind: releasing fd for 13:64
[209388.881] (II) UnloadModule: "libinput"
[209388.881] (II) systemd-logind: releasing fd for 13:65
[209388.897] (II) UnloadModule: "libinput"
[209388.897] (II) systemd-logind: releasing fd for 13:67
[209388.914] (II) UnloadModule: "libinput"
[209388.914] (II) systemd-logind: releasing fd for 13:66
[209388.950] (II) Server terminated successfully (0). Closing log file.
